warnings do mockito:


[INFO] -------------------------------------------------------
[INFO]  T E S T S
[INFO] -------------------------------------------------------
[INFO] Running tqs.lab2_1.StocksPortfolioTest
OpenJDK 64-Bit Server VM warning: Sharing is only supported for boot loader classes because bootstrap classpath has been appended
[ERROR] Tests run: 1, Failures: 0, Errors: 1, Skipped: 0, Time elapsed: 0.799 s <<< FAILURE! -- in tqs.lab2_1.StocksPortfolioTest
[ERROR] tqs.lab2_1.StocksPortfolioTest.testGetTotalValue -- Time elapsed: 0.766 s <<< ERROR!
org.mockito.exceptions.misusing.UnnecessaryStubbingException:

Unnecessary stubbings detected.
Clean & maintainable test code requires zero unnecessary code.
Following stubbings are unnecessary (click to navigate to relevant line of code):
  1. -> at tqs.lab2_1.StocksPortfolioTest.testGetTotalValue(StocksPortfolioTest.java:39)
  2. -> at tqs.lab2_1.StocksPortfolioTest.testGetTotalValue(StocksPortfolioTest.java:40)
  3. -> at tqs.lab2_1.StocksPortfolioTest.testGetTotalValue(StocksPortfolioTest.java:41)
Please remove unnecessary stubbings or use 'lenient' strictness. More info: javadoc for UnnecessaryStubbingException class.
	at org.mockito.junit.jupiter.MockitoExtension.afterEach(MockitoExtension.java:197)
	at java.base/java.util.ArrayList.forEach(ArrayList.java:1511)
	at java.base/java.util.ArrayList.forEach(ArrayList.java:1511)

[INFO]
[INFO] Results:
[INFO]
[ERROR] Errors:
[ERROR]   StocksPortfolioTest.testGetTotalValue Â» UnnecessaryStubbing
Unnecessary stubbings detected.
Clean & maintainable test code requires zero unnecessary code.
Following stubbings are unnecessary (click to navigate to relevant line of code):
  1. -> at tqs.lab2_1.StocksPortfolioTest.testGetTotalValue(StocksPortfolioTest.java:39)
  2. -> at tqs.lab2_1.StocksPortfolioTest.testGetTotalValue(StocksPortfolioTest.java:40)
  3. -> at tqs.lab2_1.StocksPortfolioTest.testGetTotalValue(StocksPortfolioTest.java:41)
Please remove unnecessary stubbings or use 'lenient' strictness. More info: javadoc for UnnecessaryStubbingException class.
[INFO]
[ERROR] Tests run: 1, Failures: 0, Errors: 1, Skipped: 0
[INFO]
[INFO] ------------------------------------------------------------------------
[INFO] BUILD FAILURE
[INFO] ------------------------------------------------------------------------
[INFO] Total time:  2.503 s
[INFO] Finished at: 2025-03-29T19:06:17Z
[INFO] ------------------------------------------------------------------------
[ERROR] Failed to execute goal org.apache.maven.plugins:maven-surefire-plugin:3.2.5:test (default-test) on project tqs:
[ERROR]
[ERROR] Please refer to /home/gfcs/TQS/TQS_108133/Lab2/tqs/target/surefire-reports for the individual test results.
[ERROR] Please refer to dump files (if any exist) [date].dump, [date]-jvmRun[N].dump and [date].dumpstream.
[ERROR] -> [Help 1]
[ERROR]
[ERROR] To see the full stack trace of the errors, re-run Maven with the -e switch.
[ERROR] Re-run Maven using the -X switch to enable full debug logging.
[ERROR]
[ERROR] For more information about the errors and possible solutions, please read the following articles:
[ERROR] [Help 1] http://cwiki.apache.org/confluence/display/MAVEN/MojoFailureException
